<?xml version="1.0" encoding="UTF-8"?>
<beans xmlns="http://www.springframework.org/schema/beans"
    xmlns:xsi="http://www.w3.org/2001/XMLSchema-instance"
    xsi:schemaLocation="http://www.springframework.org/schema/beans 
        http://www.springframework.org/schema/beans/spring-beans.xsd">
    <bean id="testIDGenerator" class="com.g.commons.utils.IDGenerator">
        <qualifier value="testIDGenerator"/>
        <constructor-arg name="datacenterId" value="0"/>
        <constructor-arg name="workerId" value="0"/>
    </bean>
</beans>
